<?xml version="1.0" encoding="UTF-8" ?>
<testsuite tests="3" failures="0" name="com.origamisoftware.teach.advanced.model.StockQuoteTest" time="0" errors="0" skipped="0">
  <properties>
[...]
</properties>
  <testcase classname="com.origamisoftware.teach.advanced.model.StockQuoteTest" name="testGetPrice" time="0"/>
  <testcase classname="com.origamisoftware.teach.advanced.model.StockQuoteTest" name="testGetDate" time="0"/>
  <testcase classname="com.origamisoftware.teach.advanced.model.StockQuoteTest" name="testGetSymbol" time="0"/>
</testsuite>